<?xml version="1.0" encoding="UTF-8"?>
<!-- Generated by org.testng.reporters.JUnitReportReporter -->
<testsuite skipped="0" hostname="LAPTOP-PE7CMH67" name="com.wallethub.FacebookPostTest" tests="3" failures="0" timestamp="26 Oct 2019 21:43:06 GMT" time="21.679" errors="0">
  <testcase name="TestFacebookLogin" time="12.417" classname="com.wallethub.FacebookPostTest"/>
  <testcase name="TestPostMessage" time="4.063" classname="com.wallethub.FacebookPostTest"/>
  <testcase name="TestWebsiteLaunch" time="5.199" classname="com.wallethub.FacebookPostTest"/>
</testsuite> <!-- com.wallethub.FacebookPostTest -->
